mode: set
github.com/maickmachado/cestas-do-bem/cmd/web/main.go:24.13,27.16 2 0
github.com/maickmachado/cestas-do-bem/cmd/web/main.go:27.16,29.3 1 0
github.com/maickmachado/cestas-do-bem/cmd/web/main.go:31.2,38.16 4 0
github.com/maickmachado/cestas-do-bem/cmd/web/main.go:38.16,40.3 1 0
github.com/maickmachado/cestas-do-bem/cmd/web/main.go:43.18,60.16 10 1
github.com/maickmachado/cestas-do-bem/cmd/web/main.go:60.16,63.3 2 0
github.com/maickmachado/cestas-do-bem/cmd/web/main.go:65.2,72.12 6 1
github.com/maickmachado/cestas-do-bem/internal/render/render.go:25.40,28.2 1 1
github.com/maickmachado/cestas-do-bem/internal/render/render.go:31.84,37.2 5 1
github.com/maickmachado/cestas-do-bem/internal/render/render.go:40.105,43.18 2 1
github.com/maickmachado/cestas-do-bem/internal/render/render.go:43.18,46.3 1 0
github.com/maickmachado/cestas-do-bem/internal/render/render.go:46.8,48.3 1 1
github.com/maickmachado/cestas-do-bem/internal/render/render.go:51.2,52.9 2 1
github.com/maickmachado/cestas-do-bem/internal/render/render.go:52.9,55.3 1 1
github.com/maickmachado/cestas-do-bem/internal/render/render.go:57.2,65.16 5 1
github.com/maickmachado/cestas-do-bem/internal/render/render.go:65.16,68.3 2 0
github.com/maickmachado/cestas-do-bem/internal/render/render.go:70.2,70.12 1 1
github.com/maickmachado/cestas-do-bem/internal/render/render.go:73.67,78.16 3 1
github.com/maickmachado/cestas-do-bem/internal/render/render.go:78.16,80.3 1 0
github.com/maickmachado/cestas-do-bem/internal/render/render.go:83.2,83.29 1 1
github.com/maickmachado/cestas-do-bem/internal/render/render.go:83.29,89.17 3 1
github.com/maickmachado/cestas-do-bem/internal/render/render.go:89.17,91.4 1 0
github.com/maickmachado/cestas-do-bem/internal/render/render.go:93.3,94.17 2 1
github.com/maickmachado/cestas-do-bem/internal/render/render.go:94.17,96.4 1 0
github.com/maickmachado/cestas-do-bem/internal/render/render.go:98.3,98.23 1 1
github.com/maickmachado/cestas-do-bem/internal/render/render.go:98.23,102.18 2 1
github.com/maickmachado/cestas-do-bem/internal/render/render.go:102.18,104.5 1 0
github.com/maickmachado/cestas-do-bem/internal/render/render.go:107.3,107.21 1 1
github.com/maickmachado/cestas-do-bem/internal/render/render.go:110.2,110.21 1 1
github.com/maickmachado/cestas-do-bem/internal/handlers/handlers.go:22.55,26.2 1 1
github.com/maickmachado/cestas-do-bem/internal/handlers/handlers.go:29.36,31.2 1 1
github.com/maickmachado/cestas-do-bem/internal/handlers/handlers.go:33.67,43.2 5 1
github.com/maickmachado/cestas-do-bem/internal/handlers/handlers.go:45.82,61.2 8 1
github.com/maickmachado/cestas-do-bem/internal/handlers/handlers.go:63.86,66.16 2 1
github.com/maickmachado/cestas-do-bem/internal/handlers/handlers.go:66.16,69.3 2 0
github.com/maickmachado/cestas-do-bem/internal/handlers/handlers.go:71.2,85.19 5 1
github.com/maickmachado/cestas-do-bem/internal/handlers/handlers.go:85.19,94.3 4 1
github.com/maickmachado/cestas-do-bem/internal/handlers/handlers.go:96.2,98.65 2 0
github.com/maickmachado/cestas-do-bem/internal/handlers/handlers.go:101.80,104.9 2 0
github.com/maickmachado/cestas-do-bem/internal/handlers/handlers.go:104.9,109.3 4 0
github.com/maickmachado/cestas-do-bem/internal/handlers/handlers.go:111.2,118.4 4 0
github.com/maickmachado/cestas-do-bem/internal/handlers/handlers.go:122.68,133.2 5 0
github.com/maickmachado/cestas-do-bem/internal/handlers/handlers.go:135.70,146.2 5 0
github.com/maickmachado/cestas-do-bem/internal/handlers/handlers.go:148.68,159.2 5 0
github.com/maickmachado/cestas-do-bem/internal/handlers/handlers.go:161.70,172.2 5 0
